2024-05-02T14:37:00.266+0700 I CONTROL  [initandlisten] MongoDB starting : pid=13912 port=27017 dbpath=/home/rejoller/mcrbot/mongodb_data 64-bit host=kazakov
2024-05-02T14:37:00.266+0700 I CONTROL  [initandlisten] db version v3.6.8
2024-05-02T14:37:00.266+0700 I CONTROL  [initandlisten] git version: 8e540c0b6db93ce994cc548f000900bdc740f80a
2024-05-02T14:37:00.266+0700 I CONTROL  [initandlisten] OpenSSL version: OpenSSL 1.1.1f  31 Mar 2020
2024-05-02T14:37:00.266+0700 I CONTROL  [initandlisten] allocator: tcmalloc
2024-05-02T14:37:00.266+0700 I CONTROL  [initandlisten] modules: none
2024-05-02T14:37:00.266+0700 I CONTROL  [initandlisten] build environment:
2024-05-02T14:37:00.267+0700 I CONTROL  [initandlisten]     distarch: x86_64
2024-05-02T14:37:00.267+0700 I CONTROL  [initandlisten]     target_arch: x86_64
2024-05-02T14:37:00.267+0700 I CONTROL  [initandlisten] options: { storage: { dbPath: "/home/rejoller/mcrbot/mongodb_data" }, systemLog: { destination: "file", path: "/home/rejoller/mcrbot/mongodb_data/mongod.log" } }
2024-05-02T14:37:00.269+0700 I STORAGE  [initandlisten] wiredtiger_open config: create,cache_size=7615M,session_max=20000,eviction=(threads_min=4,threads_max=4),config_base=false,statistics=(fast),cache_cursors=false,compatibility=(release="3.0",require_max="3.0"),log=(enabled=true,archive=true,path=journal,compressor=snappy),file_manager=(close_idle_time=100000),statistics_log=(wait=0),verbose=(recovery_progress),
2024-05-02T14:37:00.749+0700 E STORAGE  [initandlisten] WiredTiger error (17) [1714635420:749198][13912:0x7f4780c00ac0], connection: /home/rejoller/mcrbot/mongodb_data/WiredTiger.wt: handle-open: open: File exists
2024-05-02T14:37:00.750+0700 I STORAGE  [initandlisten] WiredTiger message unexpected file WiredTiger.wt found, renamed to WiredTiger.wt.2
2024-05-02T14:37:00.751+0700 E STORAGE  [initandlisten] WiredTiger error (22) [1714635420:751384][13912:0x7f4780c00ac0], connection: /home/rejoller/mcrbot/mongodb_data/: directory-sync: fdatasync: Invalid argument
2024-05-02T14:37:00.751+0700 E STORAGE  [initandlisten] WiredTiger error (-31804) [1714635420:751414][13912:0x7f4780c00ac0], connection: the process must exit and restart: WT_PANIC: WiredTiger library panic
2024-05-02T14:37:00.751+0700 F -        [initandlisten] Fatal Assertion 28558 at src/mongo/db/storage/wiredtiger/wiredtiger_util.cpp 366
2024-05-02T14:37:00.751+0700 F -        [initandlisten] 

***aborting after fassert() failure


2024-05-02T14:37:00.760+0700 F -        [initandlisten] Got signal: 6 (Aborted).

 0x7f4783d425fe 0x7f4783d41eef 0x7f4783d41f8c 0x7f4780f11420 0x7f4780d4300b 0x7f4780d22859 0x7f47824adfdd 0x7f4782255ace 0x7f47825ea429 0x7f47822600a8 0x7f4782260408 0x7f478225bea0 0x7f47825b4058 0x7f47825b488b 0x7f47825b18cc 0x7f47826098ea 0x7f47825d1a57 0x7f47825af36d 0x7f478258efe2 0x7f4782562010 0x7f47825478f9 0x7f478272b386 0x7f4782521659 0x7f4782524b83 0x7f47824b299d 0x7f4780d24083 0x7f478250f0ee
----- BEGIN BACKTRACE -----
{"backtrace":[{"b":"7F4781A37000","o":"230B5FE","s":"_ZN5mongo15printStackTraceERSo"},{"b":"7F4781A37000","o":"230AEEF"},{"b":"7F4781A37000","o":"230AF8C"},{"b":"7F4780EFD000","o":"14420"},{"b":"7F4780D00000","o":"4300B","s":"gsignal"},{"b":"7F4780D00000","o":"22859","s":"abort"},{"b":"7F4781A37000","o":"A76FDD","s":"_ZN5mongo32fassertFailedNoTraceWithLocationEiPKcj"},{"b":"7F4781A37000","o":"81EACE"},{"b":"7F4781A37000","o":"BB3429"},{"b":"7F4781A37000","o":"8290A8","s":"__wt_err"},{"b":"7F4781A37000","o":"829408","s":"__wt_panic"},{"b":"7F4781A37000","o":"824EA0"},{"b":"7F4781A37000","o":"B7D058"},{"b":"7F4781A37000","o":"B7D88B"},{"b":"7F4781A37000","o":"B7A8CC","s":"__wt_open"},{"b":"7F4781A37000","o":"BD28EA","s":"__wt_block_manager_create"},{"b":"7F4781A37000","o":"B9AA57","s":"__wt_schema_create"},{"b":"7F4781A37000","o":"B7836D","s":"__wt_turtle_init"},{"b":"7F4781A37000","o":"B57FE2","s":"wiredtiger_open"},{"b":"7F4781A37000","o":"B2B010","s":"_ZN5mongo18WiredTigerKVEngineC2ERKNSt7__cxx1112basic_stringIcSt11char_traitsIcESaIcEEES8_PNS_11ClockSourceES8_mbbbb"},{"b":"7F4781A37000","o":"B108F9"},{"b":"7F4781A37000","o":"CF4386","s":"_ZN5mongo20ServiceContextMongoD29initializeGlobalStorageEngineEv"},{"b":"7F4781A37000","o":"AEA659"},{"b":"7F4781A37000","o":"AEDB83","s":"_ZN5mongo11mongoDbMainEiPPcS1_"},{"b":"7F4781A37000","o":"A7B99D","s":"main"},{"b":"7F4780D00000","o":"24083","s":"__libc_start_main"},{"b":"7F4781A37000","o":"AD80EE","s":"_start"}],"processInfo":{ "mongodbVersion" : "3.6.8", "gitVersion" : "8e540c0b6db93ce994cc548f000900bdc740f80a", "compiledModules" : [], "uname" : { "sysname" : "Linux", "release" : "4.4.0-19041-Microsoft", "version" : "#1237-Microsoft Sat Sep 11 14:32:00 PST 2021", "machine" : "x86_64" }, "somap" : [ { "b" : "7F4781A37000", "elfType" : 3, "buildId" : "28879BCB86C4B9AF7CEC8E6482F331A095E338D0" }, { "b" : "7FFFFC386000", "path" : "linux-vdso.so.1", "elfType" : 3 }, { "b" : "7F47819A0000", "path" : "/lib/x86_64-linux-gnu/libstemmer.so.0d", "elfType" : 3, "buildId" : "F129B7D409F6F63A822673139BE40F369F3E4B13" }, { "b" : "7F4781980000", "path" : "/lib/x86_64-linux-gnu/libz.so.1", "elfType" : 3, "buildId" : "101D8983A254F1B26637242E10B80ECAE42EFF2D" }, { "b" : "7F4781970000", "path" : "/lib/x86_64-linux-gnu/libsnappy.so.1", "elfType" : 3, "buildId" : "74CAFD320059B4D17CF89FD6379A5105FF55840F" }, { "b" : "7F4781910000", "path" : "/lib/x86_64-linux-gnu/libyaml-cpp.so.0.6", "elfType" : 3, "buildId" : "B9EC1711A8AAD2FE980B735F13E186BEFE9FA4DB" }, { "b" : "7F4781900000", "path" : "/lib/x86_64-linux-gnu/libpcrecpp.so.0", "elfType" : 3, "buildId" : "9199246C7429052FBE1F97DA6FE0B0CFBED2DE3F" }, { "b" : "7F4781870000", "path" : "/lib/x86_64-linux-gnu/libboost_program_options.so.1.71.0", "elfType" : 3, "buildId" : "CB2EB21D65AF49F187F384ABED5D46D66E998195" }, { "b" : "7F4781840000", "path" : "/lib/x86_64-linux-gnu/libboost_filesystem.so.1.71.0", "elfType" : 3, "buildId" : "956195B5ABA44A072A6242BF2399D9EB0B6163E7" }, { "b" : "7F4781640000", "path" : "/lib/x86_64-linux-gnu/libtcmalloc.so.4", "elfType" : 3, "buildId" : "BC036BA2C0C0B4976A51184F1E9F712CCB8611C7" }, { "b" : "7F4781620000", "path" : "/lib/x86_64-linux-gnu/libresolv.so.2", "elfType" : 3, "buildId" : "E0C8849CB041952FC9131FF7C82D735724CDC3C4" }, { "b" : "7F4781340000", "path" : "/lib/x86_64-linux-gnu/libcrypto.so.1.1", "elfType" : 3, "buildId" : "D81502AE4775AED5087116CA8508B8125576C25A" }, { "b" : "7F47812A0000", "path" : "/lib/x86_64-linux-gnu/libssl.so.1.1", "elfType" : 3, "buildId" : "A162780831ABEBAEDF9B84935CC92230DC02F326" }, { "b" : "7F4781290000", "path" : "/lib/x86_64-linux-gnu/libdl.so.2", "elfType" : 3, "buildId" : "D28268E05381DEC25822A2FB0CCB5C952C0A4EF7" }, { "b" : "7F4781090000", "path" : "/lib/x86_64-linux-gnu/libstdc++.so.6", "elfType" : 3, "buildId" : "FCD5414020056F1D95855868E00F3A7D479630FD" }, { "b" : "7F4780F41000", "path" : "/lib/x86_64-linux-gnu/libm.so.6", "elfType" : 3, "buildId" : "6139C20B1721E1404D99114C7B79436667C5146C" }, { "b" : "7F4780F20000", "path" : "/lib/x86_64-linux-gnu/libgcc_s.so.1", "elfType" : 3, "buildId" : "8296A8EF14673927602C39FF755ABFE97732DC6F" }, { "b" : "7F4780EFD000", "path" : "/lib/x86_64-linux-gnu/libpthread.so.0", "elfType" : 3, "buildId" : "C6D0D79D906D62BB768421FC6DADA0D5E729F177" }, { "b" : "7F4780D00000", "path" : "/lib/x86_64-linux-gnu/libc.so.6", "elfType" : 3, "buildId" : "87B331C034A6458C64CE09C03939E947212E18CE" }, { "b" : "7F4780C80000", "path" : "/lib/x86_64-linux-gnu/libpcre.so.3", "elfType" : 3, "buildId" : "AC83711FBCB2725AD376CA8F8C947F6A782E7A65" }, { "b" : "7F4780C50000", "path" : "/lib/x86_64-linux-gnu/libunwind.so.8", "elfType" : 3, "buildId" : "E4502D71B7D21D13E84436FAF0BD4A8FF63874C2" }, { "b" : "7F4781A00000", "path" : "/lib64/ld-linux-x86-64.so.2", "elfType" : 3, "buildId" : "C9A47E328EB2F1F41BCBCF31F9C11B9E17AA2A83" }, { "b" : "7F4780C20000", "path" : "/lib/x86_64-linux-gnu/liblzma.so.5", "elfType" : 3, "buildId" : "A2D8E4118C7995F9BCFF9984E1B2C9A8F3D4D976" } ] }}
 mongod(_ZN5mongo15printStackTraceERSo+0x3E) [0x7f4783d425fe]
 mongod(+0x230AEEF) [0x7f4783d41eef]
 mongod(+0x230AF8C) [0x7f4783d41f8c]
 libpthread.so.0(+0x14420) [0x7f4780f11420]
 libc.so.6(gsignal+0xCB) [0x7f4780d4300b]
 libc.so.6(abort+0x12B) [0x7f4780d22859]
 mongod(_ZN5mongo32fassertFailedNoTraceWithLocationEiPKcj+0x0) [0x7f47824adfdd]
 mongod(+0x81EACE) [0x7f4782255ace]
 mongod(+0xBB3429) [0x7f47825ea429]
 mongod(__wt_err+0xA5) [0x7f47822600a8]
 mongod(__wt_panic+0x38) [0x7f4782260408]
 mongod(+0x824EA0) [0x7f478225bea0]
 mongod(+0xB7D058) [0x7f47825b4058]
 mongod(+0xB7D88B) [0x7f47825b488b]
 mongod(__wt_open+0x31C) [0x7f47825b18cc]
 mongod(__wt_block_manager_create+0x6A) [0x7f47826098ea]
 mongod(__wt_schema_create+0x5C7) [0x7f47825d1a57]
 mongod(__wt_turtle_init+0x7AD) [0x7f47825af36d]
 mongod(wiredtiger_open+0x2012) [0x7f478258efe2]
 mongod(_ZN5mongo18WiredTigerKVEngineC2ERKNSt7__cxx1112basic_stringIcSt11char_traitsIcESaIcEEES8_PNS_11ClockSourceES8_mbbbb+0x8C0) [0x7f4782562010]
 mongod(+0xB108F9) [0x7f47825478f9]
 mongod(_ZN5mongo20ServiceContextMongoD29initializeGlobalStorageEngineEv+0x3E6) [0x7f478272b386]
 mongod(+0xAEA659) [0x7f4782521659]
 mongod(_ZN5mongo11mongoDbMainEiPPcS1_+0x613) [0x7f4782524b83]
 mongod(main+0xD) [0x7f47824b299d]
 libc.so.6(__libc_start_main+0xF3) [0x7f4780d24083]
 mongod(_start+0x2E) [0x7f478250f0ee]
-----  END BACKTRACE  -----
